<?xml version="1.0" encoding="UTF-8"?>
<testsuites name="Mocha Tests" time="2.9150" tests="1" failures="0">
  <testsuite name="Root Suite" timestamp="2021-08-30T11:34:39" tests="0" file="integration/Behorigheter/djupintegreradReact.js" time="0.0000" failures="0">
  </testsuite>
  <testsuite name="LISJP-intyg tomt" timestamp="2021-08-30T11:34:39" tests="0" time="0.0000" failures="0">
  </testsuite>
  <testsuite name="Använadare har möjlighet att uföra följande med ett tomt utkast " timestamp="2021-08-30T11:34:39" tests="0" time="0.0000" failures="0">
  </testsuite>
  <testsuite name="Funktioner på ett tomt LISJP utkast" timestamp="2021-08-30T11:34:39" tests="1" time="2.9150" failures="0">
    <testcase name="LISJP-intyg tomt Använadare har möjlighet att uföra följande med ett tomt utkast  Funktioner på ett tomt LISJP utkast Ett icke ifylld LISJP går ej att signera och skicka till FK" time="2.9150" classname="Ett icke ifylld LISJP går ej att signera och skicka till FK">
    </testcase>
  </testsuite>
</testsuites>