<?xml version="1.0" encoding="UTF-8"?>
<testsuites name="Mocha Tests" time="14.0620" tests="3" failures="0">
  <testsuite name="Root Suite" timestamp="2021-08-30T11:35:47" tests="0" file="integration/FK_intyg/LisjpLocked.js" time="0.0000" failures="0">
  </testsuite>
  <testsuite name="LISJP-intyg låst utkast" timestamp="2021-08-30T11:35:47" tests="0" time="0.0000" failures="0">
  </testsuite>
  <testsuite name="Användare har möjlighet att uföra följande med låst LISJP Utkast " timestamp="2021-08-30T11:35:47" tests="0" time="0.0000" failures="0">
  </testsuite>
  <testsuite name="Funktioner på ett låst LISJP utkast" timestamp="2021-08-30T11:35:47" tests="3" time="14.0620" failures="0">
    <testcase name="LISJP-intyg låst utkast Användare har möjlighet att uföra följande med låst LISJP Utkast  Funktioner på ett låst LISJP utkast Skriva ut ett låst LISJP utkast" time="4.0300" classname="Skriva ut ett låst LISJP utkast">
    </testcase>
    <testcase name="LISJP-intyg låst utkast Användare har möjlighet att uföra följande med låst LISJP Utkast  Funktioner på ett låst LISJP utkast Makulerar ett låst LISJP utkast" time="4.1860" classname="Makulerar ett låst LISJP utkast">
    </testcase>
    <testcase name="LISJP-intyg låst utkast Användare har möjlighet att uföra följande med låst LISJP Utkast  Funktioner på ett låst LISJP utkast Kopiera ett låst LISJP utkast så att det går att signera och skicka" time="5.8460" classname="Kopiera ett låst LISJP utkast så att det går att signera och skicka">
    </testcase>
  </testsuite>
</testsuites>