<?xml version="1.0" encoding="UTF-8"?>
<testsuites name="Mocha Tests" time="13.0400" tests="3" failures="0">
  <testsuite name="Root Suite" timestamp="2021-08-30T11:28:57" tests="0" file="integration/AF_intyg/AF00213Locked.js" time="0.0000" failures="0">
  </testsuite>
  <testsuite name="AF00213-intyg minimalt ifyllt" timestamp="2021-08-30T11:28:57" tests="0" time="0.0000" failures="0">
  </testsuite>
  <testsuite name="Användare har möjlighet att uföra följande med låst AF00213 Utkast " timestamp="2021-08-30T11:28:57" tests="0" time="0.0000" failures="0">
  </testsuite>
  <testsuite name="Funktioner på ett låst AF20013 utkast" timestamp="2021-08-30T11:28:57" tests="3" time="13.0400" failures="0">
    <testcase name="AF00213-intyg minimalt ifyllt Användare har möjlighet att uföra följande med låst AF00213 Utkast  Funktioner på ett låst AF20013 utkast Skriva ut ett låst AF00213 utkast" time="4.8380" classname="Skriva ut ett låst AF00213 utkast">
    </testcase>
    <testcase name="AF00213-intyg minimalt ifyllt Användare har möjlighet att uföra följande med låst AF00213 Utkast  Funktioner på ett låst AF20013 utkast Makulerar ett låst AF00213 utkast" time="3.7640" classname="Makulerar ett låst AF00213 utkast">
    </testcase>
    <testcase name="AF00213-intyg minimalt ifyllt Användare har möjlighet att uföra följande med låst AF00213 Utkast  Funktioner på ett låst AF20013 utkast Kopiera ett låst AF00213 utkast så att det går att signera och skicka" time="4.4380" classname="Kopiera ett låst AF00213 utkast så att det går att signera och skicka">
    </testcase>
  </testsuite>
</testsuites>