<?xml version="1.0" encoding="UTF-8"?>
<testsuites name="Mocha Tests" time="0.0000" tests="1" failures="1">
  <testsuite name="Root Suite" timestamp="2021-08-30T11:36:27" tests="0" file="integration/FK_intyg/QuestionLisjp.js" time="0.0000" failures="0">
  </testsuite>
  <testsuite name="FK7804-intyg Ärende kommunikation" timestamp="2021-08-30T11:36:27" tests="0" time="0.0000" failures="0">
  </testsuite>
  <testsuite name="Användare har möjlighet skicka ärendekommunikation på ett Lisjp intyg " timestamp="2021-08-30T11:36:27" tests="0" time="0.0000" failures="0">
  </testsuite>
  <testsuite name="Funktioner kring ärendekommunikation på ett Lisjp intyg" timestamp="2021-08-30T11:36:27" tests="1" time="0.0000" failures="1">
    <testcase name="FK7804-intyg Ärende kommunikation Användare har möjlighet skicka ärendekommunikation på ett Lisjp intyg  Funktioner kring ärendekommunikation på ett Lisjp intyg Markera fråga gällande Övrigt på ett Lisjp intyg som hanterad och avmarkera den sedan" time="0.0000" classname="Markera fråga gällande Övrigt på ett Lisjp intyg som hanterad och avmarkera den sedan">
      <failure message="Timed out retrying after 20000ms: Expected to find content: &apos;Administrativa frågor&apos; but never did." type="AssertionError"><![CDATA[AssertionError: Timed out retrying after 20000ms: Expected to find content: 'Administrativa frågor' but never did.
    at Context.eval (https://wc2.wc.localtest.me/__cypress/tests?p=integration\FK_intyg\QuestionLisjp.js:274:12)]]></failure>
    </testcase>
  </testsuite>
</testsuites>