<?xml version="1.0" encoding="UTF-8"?>
<testsuites name="Mocha Tests" time="43.6060" tests="5" failures="0">
  <testsuite name="Root Suite" timestamp="2021-08-30T11:21:51" tests="0" file="integration/FK_intyg/LisjpIntyg.js" time="0.0000" failures="0">
  </testsuite>
  <testsuite name="FK7804-intyg minimalt ifyllt" timestamp="2021-08-30T11:21:51" tests="0" time="0.0000" failures="0">
  </testsuite>
  <testsuite name="Användare har möjlighet att uföra följande med FK7804 Intyg " timestamp="2021-08-30T11:21:51" tests="0" time="0.0000" failures="0">
  </testsuite>
  <testsuite name="Funktioner på ett Lisjp intyg" timestamp="2021-08-30T11:21:51" tests="5" time="43.6060" failures="0">
    <testcase name="FK7804-intyg minimalt ifyllt Användare har möjlighet att uföra följande med FK7804 Intyg  Funktioner på ett Lisjp intyg Makulerar ett signerat FK7804 intyg" time="9.9910" classname="Makulerar ett signerat FK7804 intyg">
    </testcase>
    <testcase name="FK7804-intyg minimalt ifyllt Användare har möjlighet att uföra följande med FK7804 Intyg  Funktioner på ett Lisjp intyg Skicka ett signerat LISJP intyg" time="4.6750" classname="Skicka ett signerat LISJP intyg">
    </testcase>
    <testcase name="FK7804-intyg minimalt ifyllt Användare har möjlighet att uföra följande med FK7804 Intyg  Funktioner på ett Lisjp intyg Skriva ut ett signerat LISJP intyg" time="9.4830" classname="Skriva ut ett signerat LISJP intyg">
    </testcase>
    <testcase name="FK7804-intyg minimalt ifyllt Användare har möjlighet att uföra följande med FK7804 Intyg  Funktioner på ett Lisjp intyg Förnya ett LISJP intyg" time="8.7190" classname="Förnya ett LISJP intyg">
    </testcase>
    <testcase name="FK7804-intyg minimalt ifyllt Användare har möjlighet att uföra följande med FK7804 Intyg  Funktioner på ett Lisjp intyg Ersätta ett LISJP intyg" time="10.7380" classname="Ersätta ett LISJP intyg">
    </testcase>
  </testsuite>
</testsuites>