<?xml version="1.0" encoding="UTF-8"?>
<testsuites name="Mocha Tests" time="8.7200" tests="3" failures="0">
  <testsuite name="Root Suite" timestamp="2021-08-30T11:33:44" tests="0" file="integration/AF_intyg/AF00213Intyg.js" time="0.0000" failures="0">
  </testsuite>
  <testsuite name="AF00213-intyg minimalt ifyllt" timestamp="2021-08-30T11:33:44" tests="0" time="0.0000" failures="0">
  </testsuite>
  <testsuite name="Användare har möjlighet att uföra följande med AF00213 Intyg " timestamp="2021-08-30T11:33:44" tests="0" time="0.0000" failures="0">
  </testsuite>
  <testsuite name="Funktioner på ett AF20013 intyg" timestamp="2021-08-30T11:33:44" tests="3" time="8.7200" failures="0">
    <testcase name="AF00213-intyg minimalt ifyllt Användare har möjlighet att uföra följande med AF00213 Intyg  Funktioner på ett AF20013 intyg Skriva ut ett signerat AF20013 intyg" time="2.0940" classname="Skriva ut ett signerat AF20013 intyg">
    </testcase>
    <testcase name="AF00213-intyg minimalt ifyllt Användare har möjlighet att uföra följande med AF00213 Intyg  Funktioner på ett AF20013 intyg Ersätta ett AF00213 intyg" time="3.9650" classname="Ersätta ett AF00213 intyg">
    </testcase>
    <testcase name="AF00213-intyg minimalt ifyllt Användare har möjlighet att uföra följande med AF00213 Intyg  Funktioner på ett AF20013 intyg Makulerar ett ifyllt AF00213 intyg" time="2.6610" classname="Makulerar ett ifyllt AF00213 intyg">
    </testcase>
  </testsuite>
</testsuites>